<?xml version="1.0" encoding="UTF-8"?>
<!-- Generated by org.testng.reporters.JUnitReportReporter -->
<testsuite hostname="MSI" failures="0" tests="1" name="test.TestNG" time="0.288" errors="0" timestamp="2022-11-09T14:55:16 ICT" skipped="0">
  <testcase classname="test.TestNG" name="Invalidusername" time="0.288"/>
  <system-out/>
</testsuite> <!-- test.TestNG -->
